<?xml version="1.0" encoding="UTF-8"?>
<testsuite xmlns:xsi="http://www.w3.org/2001/XMLSchema-instance" xsi:noNamespaceSchemaLocation="https://maven.apache.org/surefire/maven-surefire-plugin/xsd/surefire-test-report-3.0.xsd" version="3.0" name="com.habittracker.HabitTrackerApplicationTests" time="2.549" tests="1" errors="0" skipped="0" failures="0">
  <properties>
[...]
</properties>
  <testcase name="contextLoads" classname="com.habittracker.HabitTrackerApplicationTests" time="0.008">
    <system-out><![CDATA[2026-07-08T22:07:52.732+05:30  INFO 5108 --- [           main] t.c.s.AnnotationConfigContextLoaderUtils : Could not detect default configuration classes for test class [com.habittracker.HabitTrackerApplicationTests]: HabitTrackerApplicationTests does not declare any static, non-private, non-final, nested classes annotated with @Configuration.
2026-07-08T22:07:52.737+05:30  INFO 5108 --- [           main] .b.t.c.SpringBootTestContextBootstrapper : Found @SpringBootConfiguration com.habittracker.HabitTrackerApplication for test class com.habittracker.HabitTrackerApplicationTests

  .   ____          _            __ _ _
 /\\ / ___'_ __ _ _(_)_ __  __ _ \ \ \ \
( ( )\___ | '_ | '_| | '_ \/ _` | \ \ \ \
 \\/  ___)| |_)| | | | | || (_| |  ) ) ) )
  '  |____| .__|_| |_|_| |_\__, | / / / /
 =========|_|==============|___/=/_/_/_/

 :: Spring Boot ::                (v3.3.1)

2026-07-08T22:07:52.824+05:30  INFO 5108 --- [           main] c.h.HabitTrackerApplicationTests         : Starting HabitTrackerApplicationTests using Java 21.0.10 with PID 5108 (started by Admin in C:\Users\Admin\Desktop\PROJECTS\Java Projects\Habit-Tracker)
2026-07-08T22:07:52.825+05:30  INFO 5108 --- [           main] c.h.HabitTrackerApplicationTests         : No active profile set, falling back to 1 default profile: "default"
2026-07-08T22:07:53.482+05:30  INFO 5108 --- [           main] .s.d.r.c.RepositoryConfigurationDelegate : Bootstrapping Spring Data JPA repositories in DEFAULT mode.
2026-07-08T22:07:53.545+05:30  INFO 5108 --- [           main] .s.d.r.c.RepositoryConfigurationDelegate : Finished Spring Data repository scanning in 62 ms. Found 4 JPA repository interfaces.
2026-07-08T22:07:53.773+05:30  INFO 5108 --- [           main] o.hibernate.jpa.internal.util.LogHelper  : HHH000204: Processing PersistenceUnitInfo [name: default]
2026-07-08T22:07:53.779+05:30  INFO 5108 --- [           main] o.h.c.internal.RegionFactoryInitiator    : HHH000026: Second-level cache disabled
2026-07-08T22:07:53.803+05:30  INFO 5108 --- [           main] o.s.o.j.p.SpringPersistenceUnitInfo      : No LoadTimeWeaver setup: ignoring JPA class transformer
2026-07-08T22:07:53.808+05:30  INFO 5108 --- [           main] com.zaxxer.hikari.HikariDataSource       : HikariPool-2 - Starting...
2026-07-08T22:07:53.823+05:30  INFO 5108 --- [           main] com.zaxxer.hikari.pool.HikariPool        : HikariPool-2 - Added connection com.mysql.cj.jdbc.ConnectionImpl@3789bd95
2026-07-08T22:07:53.824+05:30  INFO 5108 --- [           main] com.zaxxer.hikari.HikariDataSource       : HikariPool-2 - Start completed.
2026-07-08T22:07:54.125+05:30  INFO 5108 --- [           main] o.h.e.t.j.p.i.JtaPlatformInitiator       : HHH000489: No JTA platform available (set 'hibernate.transaction.jta.platform' to enable JTA platform integration)
2026-07-08T22:07:54.245+05:30  INFO 5108 --- [           main] j.LocalContainerEntityManagerFactoryBean : Initialized JPA EntityManagerFactory for persistence unit 'default'
2026-07-08T22:07:54.475+05:30  WARN 5108 --- [           main] JpaBaseConfiguration$JpaWebConfiguration : spring.jpa.open-in-view is enabled by default. Therefore, database queries may be performed during view rendering. Explicitly configure spring.jpa.open-in-view to disable this warning
2026-07-08T22:07:54.488+05:30  INFO 5108 --- [           main] r$InitializeUserDetailsManagerConfigurer : Global AuthenticationManager configured with UserDetailsService bean with name customUserDetailsService
2026-07-08T22:07:54.533+05:30  INFO 5108 --- [           main] o.s.b.a.w.s.WelcomePageHandlerMapping    : Adding welcome page template: index
2026-07-08T22:07:55.083+05:30  INFO 5108 --- [           main] c.h.HabitTrackerApplicationTests         : Started HabitTrackerApplicationTests in 2.337 seconds (process running for 21.58)
Hibernate: 
    select
        u1_0.id,
        u1_0.created_at,
        u1_0.daily_goal,
        u1_0.email,
        u1_0.language,
        u1_0.name,
        u1_0.notification_time,
        u1_0.notifications_enabled,
        u1_0.password,
        u1_0.profile_picture,
        u1_0.role,
        u1_0.start_day,
        u1_0.theme,
        u1_0.timezone,
        u1_0.week_format 
    from
        user u1_0 
    where
        u1_0.email=?
Hibernate: 
    select
        u1_0.id,
        u1_0.created_at,
        u1_0.daily_goal,
        u1_0.email,
        u1_0.language,
        u1_0.name,
        u1_0.notification_time,
        u1_0.notifications_enabled,
        u1_0.password,
        u1_0.profile_picture,
        u1_0.role,
        u1_0.start_day,
        u1_0.theme,
        u1_0.timezone,
        u1_0.week_format,
        b1_0.user_id,
        b1_0.id,
        b1_0.badge_name,
        b1_0.unlocked_at 
    from
        user u1_0 
    left join
        badge b1_0 
            on u1_0.id=b1_0.user_id 
    where
        u1_0.id=?
Hibernate: 
    select
        h1_0.user_id,
        h1_0.id,
        h1_0.active,
        h1_0.category,
        h1_0.color,
        h1_0.created_at,
        h1_0.description,
        h1_0.display_order,
        h1_0.habit_name 
    from
        habit h1_0 
    where
        h1_0.user_id=?
Hibernate: 
    update
        user 
    set
        daily_goal=?,
        email=?,
        language=?,
        name=?,
        notification_time=?,
        notifications_enabled=?,
        password=?,
        profile_picture=?,
        role=?,
        start_day=?,
        theme=?,
        timezone=?,
        week_format=? 
    where
        id=?
====== SEEDED DEFAULT ADMIN ======
Email: admin@example.com
Password: admin123
==================================
]]></system-out>
  </testcase>
</testsuite>