<?xml version="1.0" encoding="UTF-8"?>
<testsuite xmlns:xsi="http://www.w3.org/2001/XMLSchema-instance" xsi:noNamespaceSchemaLocation="https://maven.apache.org/surefire/maven-surefire-plugin/xsd/surefire-test-report-3.0.xsd" version="3.0" name="com.habittracker.HabitServiceAndTrackerTests" time="17.512" tests="10" errors="0" skipped="0" failures="0">
  <properties>
[...]
</properties>
  <testcase name="testDashboardAnalyticsCalculation" classname="com.habittracker.HabitServiceAndTrackerTests" time="1.107">
    <system-out><![CDATA[22:07:35.535 [main] INFO org.springframework.test.context.support.AnnotationConfigContextLoaderUtils -- Could not detect default configuration classes for test class [com.habittracker.HabitServiceAndTrackerTests]: HabitServiceAndTrackerTests does not declare any static, non-private, non-final, nested classes annotated with @Configuration.
22:07:35.763 [main] INFO org.springframework.boot.test.context.SpringBootTestContextBootstrapper -- Found @SpringBootConfiguration com.habittracker.HabitTrackerApplication for test class com.habittracker.HabitServiceAndTrackerTests

  .   ____          _            __ _ _
 /\\ / ___'_ __ _ _(_)_ __  __ _ \ \ \ \
( ( )\___ | '_ | '_| | '_ \/ _` | \ \ \ \
 \\/  ___)| |_)| | | | | || (_| |  ) ) ) )
  '  |____| .__|_| |_|_| |_\__, | / / / /
 =========|_|==============|___/=/_/_/_/

 :: Spring Boot ::                (v3.3.1)

2026-07-08T22:07:36.592+05:30  INFO 5108 --- [           main] c.h.HabitServiceAndTrackerTests          : Starting HabitServiceAndTrackerTests using Java 21.0.10 with PID 5108 (started by Admin in C:\Users\Admin\Desktop\PROJECTS\Java Projects\Habit-Tracker)
2026-07-08T22:07:36.594+05:30  INFO 5108 --- [           main] c.h.HabitServiceAndTrackerTests          : No active profile set, falling back to 1 default profile: "default"
2026-07-08T22:07:38.095+05:30  INFO 5108 --- [           main] .s.d.r.c.RepositoryConfigurationDelegate : Bootstrapping Spring Data JPA repositories in DEFAULT mode.
2026-07-08T22:07:38.242+05:30  INFO 5108 --- [           main] .s.d.r.c.RepositoryConfigurationDelegate : Finished Spring Data repository scanning in 132 ms. Found 4 JPA repository interfaces.
2026-07-08T22:07:39.479+05:30  INFO 5108 --- [           main] o.hibernate.jpa.internal.util.LogHelper  : HHH000204: Processing PersistenceUnitInfo [name: default]
2026-07-08T22:07:39.664+05:30  INFO 5108 --- [           main] org.hibernate.Version                    : HHH000412: Hibernate ORM core version 6.5.2.Final
2026-07-08T22:07:39.764+05:30  INFO 5108 --- [           main] o.h.c.internal.RegionFactoryInitiator    : HHH000026: Second-level cache disabled
2026-07-08T22:07:40.498+05:30  INFO 5108 --- [           main] o.s.o.j.p.SpringPersistenceUnitInfo      : No LoadTimeWeaver setup: ignoring JPA class transformer
2026-07-08T22:07:40.548+05:30  INFO 5108 --- [           main] com.zaxxer.hikari.HikariDataSource       : HikariPool-1 - Starting...
2026-07-08T22:07:40.857+05:30  INFO 5108 --- [           main] com.zaxxer.hikari.pool.HikariPool        : HikariPool-1 - Added connection com.mysql.cj.jdbc.ConnectionImpl@6fced25c
2026-07-08T22:07:40.861+05:30  INFO 5108 --- [           main] com.zaxxer.hikari.HikariDataSource       : HikariPool-1 - Start completed.
2026-07-08T22:07:42.434+05:30  INFO 5108 --- [           main] o.h.e.t.j.p.i.JtaPlatformInitiator       : HHH000489: No JTA platform available (set 'hibernate.transaction.jta.platform' to enable JTA platform integration)
2026-07-08T22:07:42.584+05:30  INFO 5108 --- [           main] j.LocalContainerEntityManagerFactoryBean : Initialized JPA EntityManagerFactory for persistence unit 'default'
2026-07-08T22:07:43.788+05:30  WARN 5108 --- [           main] JpaBaseConfiguration$JpaWebConfiguration : spring.jpa.open-in-view is enabled by default. Therefore, database queries may be performed during view rendering. Explicitly configure spring.jpa.open-in-view to disable this warning
2026-07-08T22:07:43.846+05:30  INFO 5108 --- [           main] r$InitializeUserDetailsManagerConfigurer : Global AuthenticationManager configured with UserDetailsService bean with name customUserDetailsService
2026-07-08T22:07:44.082+05:30  INFO 5108 --- [           main] o.s.b.a.w.s.WelcomePageHandlerMapping    : Adding welcome page template: index
2026-07-08T22:07:45.774+05:30  INFO 5108 --- [           main] o.s.b.t.m.w.SpringBootMockServletContext : Initializing Spring TestDispatcherServlet ''
2026-07-08T22:07:45.774+05:30  INFO 5108 --- [           main] o.s.t.web.servlet.TestDispatcherServlet  : Initializing Servlet ''
2026-07-08T22:07:45.776+05:30  INFO 5108 --- [           main] o.s.t.web.servlet.TestDispatcherServlet  : Completed initialization in 2 ms
2026-07-08T22:07:45.814+05:30  INFO 5108 --- [           main] c.h.HabitServiceAndTrackerTests          : Started HabitServiceAndTrackerTests in 9.653 seconds (process running for 12.31)
Hibernate: 
    select
        u1_0.id,
        u1_0.created_at,
        u1_0.daily_goal,
        u1_0.email,
        u1_0.language,
        u1_0.name,
        u1_0.notification_time,
        u1_0.notifications_enabled,
        u1_0.password,
        u1_0.profile_picture,
        u1_0.role,
        u1_0.start_day,
        u1_0.theme,
        u1_0.timezone,
        u1_0.week_format 
    from
        user u1_0 
    where
        u1_0.email=?
Hibernate: 
    select
        u1_0.id,
        u1_0.created_at,
        u1_0.daily_goal,
        u1_0.email,
        u1_0.language,
        u1_0.name,
        u1_0.notification_time,
        u1_0.notifications_enabled,
        u1_0.password,
        u1_0.profile_picture,
        u1_0.role,
        u1_0.start_day,
        u1_0.theme,
        u1_0.timezone,
        u1_0.week_format,
        b1_0.user_id,
        b1_0.id,
        b1_0.badge_name,
        b1_0.unlocked_at 
    from
        user u1_0 
    left join
        badge b1_0 
            on u1_0.id=b1_0.user_id 
    where
        u1_0.id=?
Hibernate: 
    select
        h1_0.user_id,
        h1_0.id,
        h1_0.active,
        h1_0.category,
        h1_0.color,
        h1_0.created_at,
        h1_0.description,
        h1_0.display_order,
        h1_0.habit_name 
    from
        habit h1_0 
    where
        h1_0.user_id=?
Hibernate: 
    update
        user 
    set
        daily_goal=?,
        email=?,
        language=?,
        name=?,
        notification_time=?,
        notifications_enabled=?,
        password=?,
        profile_picture=?,
        role=?,
        start_day=?,
        theme=?,
        timezone=?,
        week_format=? 
    where
        id=?
====== SEEDED DEFAULT ADMIN ======
Email: admin@example.com
Password: admin123
==================================
Hibernate: 
    select
        h1_0.id,
        h1_0.active,
        h1_0.category,
        h1_0.color,
        h1_0.created_at,
        h1_0.description,
        h1_0.display_order,
        h1_0.habit_name,
        h1_0.user_id 
    from
        habit h1_0
Hibernate: 
    select
        t1_0.habit_id,
        t1_0.id,
        t1_0.completed,
        t1_0.track_date 
    from
        habit_tracker t1_0 
    where
        t1_0.habit_id=?
Hibernate: 
    select
        b1_0.id,
        b1_0.badge_name,
        b1_0.unlocked_at,
        b1_0.user_id 
    from
        badge b1_0
Hibernate: 
    select
        u1_0.id,
        u1_0.created_at,
        u1_0.daily_goal,
        u1_0.email,
        u1_0.language,
        u1_0.name,
        u1_0.notification_time,
        u1_0.notifications_enabled,
        u1_0.password,
        u1_0.profile_picture,
        u1_0.role,
        u1_0.start_day,
        u1_0.theme,
        u1_0.timezone,
        u1_0.week_format 
    from
        user u1_0
Hibernate: 
    select
        b1_0.user_id,
        b1_0.id,
        b1_0.badge_name,
        b1_0.unlocked_at 
    from
        badge b1_0 
    where
        b1_0.user_id=?
Hibernate: 
    select
        h1_0.user_id,
        h1_0.id,
        h1_0.active,
        h1_0.category,
        h1_0.color,
        h1_0.created_at,
        h1_0.description,
        h1_0.display_order,
        h1_0.habit_name 
    from
        habit h1_0 
    where
        h1_0.user_id=?
Hibernate: 
    select
        b1_0.user_id,
        b1_0.id,
        b1_0.badge_name,
        b1_0.unlocked_at 
    from
        badge b1_0 
    where
        b1_0.user_id=?
Hibernate: 
    select
        h1_0.user_id,
        h1_0.id,
        h1_0.active,
        h1_0.category,
        h1_0.color,
        h1_0.created_at,
        h1_0.description,
        h1_0.display_order,
        h1_0.habit_name 
    from
        habit h1_0 
    where
        h1_0.user_id=?
Hibernate: 
    insert 
    into
        user
        (created_at, daily_goal, email, language, name, notification_time, notifications_enabled, password, profile_picture, role, start_day, theme, timezone, week_format) 
    values
        (?, ?, ?, ?, ?, ?, ?, ?, ?, ?, ?, ?, ?, ?)
Hibernate: 
    delete 
    from
        habit_tracker 
    where
        id=?
Hibernate: 
    delete 
    from
        habit_tracker 
    where
        id=?
Hibernate: 
    delete 
    from
        habit 
    where
        id=?
Hibernate: 
    delete 
    from
        badge 
    where
        id=?
Hibernate: 
    delete 
    from
        badge 
    where
        id=?
Hibernate: 
    delete 
    from
        user 
    where
        id=?
Hibernate: 
    delete 
    from
        user 
    where
        id=?
Hibernate: 
    select
        h1_0.id 
    from
        habit h1_0 
    where
        h1_0.user_id=? 
        and upper(h1_0.habit_name)=upper(?) 
    limit
        ?
Hibernate: 
    insert 
    into
        habit
        (active, category, color, created_at, description, display_order, habit_name, user_id) 
    values
        (?, ?, ?, ?, ?, ?, ?, ?)
Hibernate: 
    select
        h1_0.id 
    from
        habit h1_0 
    where
        h1_0.user_id=? 
        and upper(h1_0.habit_name)=upper(?) 
    limit
        ?
Hibernate: 
    insert 
    into
        habit
        (active, category, color, created_at, description, display_order, habit_name, user_id) 
    values
        (?, ?, ?, ?, ?, ?, ?, ?)
Hibernate: 
    select
        ht1_0.id,
        ht1_0.completed,
        ht1_0.habit_id,
        ht1_0.track_date 
    from
        habit_tracker ht1_0 
    where
        ht1_0.habit_id=? 
        and ht1_0.track_date=?
Hibernate: 
    insert 
    into
        habit_tracker
        (completed, habit_id, track_date) 
    values
        (?, ?, ?)
Hibernate: 
    select
        h1_0.id,
        h1_0.active,
        h1_0.category,
        h1_0.color,
        h1_0.created_at,
        h1_0.description,
        h1_0.display_order,
        h1_0.habit_name,
        h1_0.user_id 
    from
        habit h1_0 
    where
        h1_0.user_id=? 
        and h1_0.active=? 
    order by
        h1_0.display_order,
        h1_0.id
Hibernate: 
    select
        ht1_0.id,
        ht1_0.completed,
        ht1_0.habit_id,
        ht1_0.track_date 
    from
        habit_tracker ht1_0 
    where
        ht1_0.habit_id in (?, ?) 
        and ht1_0.track_date between ? and ?
]]></system-out>
    <system-err><![CDATA[WARNING: A Java agent has been loaded dynamically (C:\Users\Admin\.m2\repository\net\bytebuddy\byte-buddy-agent\1.14.17\byte-buddy-agent-1.14.17.jar)
WARNING: If a serviceability tool is in use, please run with -XX:+EnableDynamicAgentLoading to hide this warning
WARNING: If a serviceability tool is not in use, please run with -Djdk.instrument.traceUsage for more information
WARNING: Dynamic loading of agents will be disallowed by default in a future release
]]></system-err>
  </testcase>
  <testcase name="testTrackHabitCheckboxSaveAndReload" classname="com.habittracker.HabitServiceAndTrackerTests" time="0.158">
    <system-out><![CDATA[Hibernate: 
    select
        h1_0.id,
        h1_0.active,
        h1_0.category,
        h1_0.color,
        h1_0.created_at,
        h1_0.description,
        h1_0.display_order,
        h1_0.habit_name,
        h1_0.user_id 
    from
        habit h1_0
Hibernate: 
    select
        t1_0.habit_id,
        t1_0.id,
        t1_0.completed,
        t1_0.track_date 
    from
        habit_tracker t1_0 
    where
        t1_0.habit_id=?
Hibernate: 
    select
        b1_0.id,
        b1_0.badge_name,
        b1_0.unlocked_at,
        b1_0.user_id 
    from
        badge b1_0
Hibernate: 
    select
        u1_0.id,
        u1_0.created_at,
        u1_0.daily_goal,
        u1_0.email,
        u1_0.language,
        u1_0.name,
        u1_0.notification_time,
        u1_0.notifications_enabled,
        u1_0.password,
        u1_0.profile_picture,
        u1_0.role,
        u1_0.start_day,
        u1_0.theme,
        u1_0.timezone,
        u1_0.week_format 
    from
        user u1_0
Hibernate: 
    select
        b1_0.user_id,
        b1_0.id,
        b1_0.badge_name,
        b1_0.unlocked_at 
    from
        badge b1_0 
    where
        b1_0.user_id=?
Hibernate: 
    select
        h1_0.user_id,
        h1_0.id,
        h1_0.active,
        h1_0.category,
        h1_0.color,
        h1_0.created_at,
        h1_0.description,
        h1_0.display_order,
        h1_0.habit_name 
    from
        habit h1_0 
    where
        h1_0.user_id=?
Hibernate: 
    select
        b1_0.user_id,
        b1_0.id,
        b1_0.badge_name,
        b1_0.unlocked_at 
    from
        badge b1_0 
    where
        b1_0.user_id=?
Hibernate: 
    select
        h1_0.user_id,
        h1_0.id,
        h1_0.active,
        h1_0.category,
        h1_0.color,
        h1_0.created_at,
        h1_0.description,
        h1_0.display_order,
        h1_0.habit_name 
    from
        habit h1_0 
    where
        h1_0.user_id=?
Hibernate: 
    insert 
    into
        user
        (created_at, daily_goal, email, language, name, notification_time, notifications_enabled, password, profile_picture, role, start_day, theme, timezone, week_format) 
    values
        (?, ?, ?, ?, ?, ?, ?, ?, ?, ?, ?, ?, ?, ?)
Hibernate: 
    delete 
    from
        habit_tracker 
    where
        id=?
Hibernate: 
    delete 
    from
        habit_tracker 
    where
        id=?
Hibernate: 
    delete 
    from
        habit 
    where
        id=?
Hibernate: 
    delete 
    from
        badge 
    where
        id=?
Hibernate: 
    delete 
    from
        badge 
    where
        id=?
Hibernate: 
    delete 
    from
        user 
    where
        id=?
Hibernate: 
    delete 
    from
        user 
    where
        id=?
Hibernate: 
    select
        h1_0.id 
    from
        habit h1_0 
    where
        h1_0.user_id=? 
        and upper(h1_0.habit_name)=upper(?) 
    limit
        ?
Hibernate: 
    insert 
    into
        habit
        (active, category, color, created_at, description, display_order, habit_name, user_id) 
    values
        (?, ?, ?, ?, ?, ?, ?, ?)
Hibernate: 
    select
        ht1_0.id,
        ht1_0.completed,
        ht1_0.habit_id,
        ht1_0.track_date 
    from
        habit_tracker ht1_0 
    where
        ht1_0.habit_id=? 
        and ht1_0.track_date=?
Hibernate: 
    insert 
    into
        habit_tracker
        (completed, habit_id, track_date) 
    values
        (?, ?, ?)
Hibernate: 
    select
        ht1_0.id,
        ht1_0.completed,
        ht1_0.habit_id,
        ht1_0.track_date 
    from
        habit_tracker ht1_0 
    where
        ht1_0.habit_id in (?) 
        and ht1_0.track_date between ? and ?
Hibernate: 
    select
        ht1_0.id,
        ht1_0.completed,
        ht1_0.habit_id,
        ht1_0.track_date 
    from
        habit_tracker ht1_0 
    where
        ht1_0.habit_id=? 
        and ht1_0.track_date=?
Hibernate: 
    update
        habit_tracker 
    set
        completed=?,
        habit_id=?,
        track_date=? 
    where
        id=?
Hibernate: 
    select
        ht1_0.id,
        ht1_0.completed,
        ht1_0.habit_id,
        ht1_0.track_date 
    from
        habit_tracker ht1_0 
    where
        ht1_0.habit_id in (?) 
        and ht1_0.track_date between ? and ?
]]></system-out>
  </testcase>
  <testcase name="testExcelExportGeneratesBytes" classname="com.habittracker.HabitServiceAndTrackerTests" time="1.76">
    <system-out><![CDATA[Hibernate: 
    select
        h1_0.id,
        h1_0.active,
        h1_0.category,
        h1_0.color,
        h1_0.created_at,
        h1_0.description,
        h1_0.display_order,
        h1_0.habit_name,
        h1_0.user_id 
    from
        habit h1_0
Hibernate: 
    select
        t1_0.habit_id,
        t1_0.id,
        t1_0.completed,
        t1_0.track_date 
    from
        habit_tracker t1_0 
    where
        t1_0.habit_id=?
Hibernate: 
    select
        b1_0.id,
        b1_0.badge_name,
        b1_0.unlocked_at,
        b1_0.user_id 
    from
        badge b1_0
Hibernate: 
    select
        u1_0.id,
        u1_0.created_at,
        u1_0.daily_goal,
        u1_0.email,
        u1_0.language,
        u1_0.name,
        u1_0.notification_time,
        u1_0.notifications_enabled,
        u1_0.password,
        u1_0.profile_picture,
        u1_0.role,
        u1_0.start_day,
        u1_0.theme,
        u1_0.timezone,
        u1_0.week_format 
    from
        user u1_0
Hibernate: 
    select
        b1_0.user_id,
        b1_0.id,
        b1_0.badge_name,
        b1_0.unlocked_at 
    from
        badge b1_0 
    where
        b1_0.user_id=?
Hibernate: 
    select
        h1_0.user_id,
        h1_0.id,
        h1_0.active,
        h1_0.category,
        h1_0.color,
        h1_0.created_at,
        h1_0.description,
        h1_0.display_order,
        h1_0.habit_name 
    from
        habit h1_0 
    where
        h1_0.user_id=?
Hibernate: 
    select
        b1_0.user_id,
        b1_0.id,
        b1_0.badge_name,
        b1_0.unlocked_at 
    from
        badge b1_0 
    where
        b1_0.user_id=?
Hibernate: 
    select
        h1_0.user_id,
        h1_0.id,
        h1_0.active,
        h1_0.category,
        h1_0.color,
        h1_0.created_at,
        h1_0.description,
        h1_0.display_order,
        h1_0.habit_name 
    from
        habit h1_0 
    where
        h1_0.user_id=?
Hibernate: 
    insert 
    into
        user
        (created_at, daily_goal, email, language, name, notification_time, notifications_enabled, password, profile_picture, role, start_day, theme, timezone, week_format) 
    values
        (?, ?, ?, ?, ?, ?, ?, ?, ?, ?, ?, ?, ?, ?)
Hibernate: 
    delete 
    from
        habit_tracker 
    where
        id=?
Hibernate: 
    delete 
    from
        habit_tracker 
    where
        id=?
Hibernate: 
    delete 
    from
        habit 
    where
        id=?
Hibernate: 
    delete 
    from
        badge 
    where
        id=?
Hibernate: 
    delete 
    from
        badge 
    where
        id=?
Hibernate: 
    delete 
    from
        user 
    where
        id=?
Hibernate: 
    delete 
    from
        user 
    where
        id=?
Hibernate: 
    select
        h1_0.id 
    from
        habit h1_0 
    where
        h1_0.user_id=? 
        and upper(h1_0.habit_name)=upper(?) 
    limit
        ?
Hibernate: 
    insert 
    into
        habit
        (active, category, color, created_at, description, display_order, habit_name, user_id) 
    values
        (?, ?, ?, ?, ?, ?, ?, ?)
Hibernate: 
    select
        h1_0.id,
        h1_0.active,
        h1_0.category,
        h1_0.color,
        h1_0.created_at,
        h1_0.description,
        h1_0.display_order,
        h1_0.habit_name,
        h1_0.user_id 
    from
        habit h1_0 
    where
        h1_0.user_id=? 
        and h1_0.active=? 
    order by
        h1_0.display_order,
        h1_0.id
Hibernate: 
    select
        ht1_0.id,
        ht1_0.completed,
        ht1_0.habit_id,
        ht1_0.track_date 
    from
        habit_tracker ht1_0 
    where
        ht1_0.habit_id in (?) 
        and ht1_0.track_date between ? and ?
]]></system-out>
  </testcase>
  <testcase name="testAdminUserCrudAndCascade" classname="com.habittracker.HabitServiceAndTrackerTests" time="0.391">
    <system-out><![CDATA[Hibernate: 
    select
        h1_0.id,
        h1_0.active,
        h1_0.category,
        h1_0.color,
        h1_0.created_at,
        h1_0.description,
        h1_0.display_order,
        h1_0.habit_name,
        h1_0.user_id 
    from
        habit h1_0
Hibernate: 
    select
        t1_0.habit_id,
        t1_0.id,
        t1_0.completed,
        t1_0.track_date 
    from
        habit_tracker t1_0 
    where
        t1_0.habit_id=?
Hibernate: 
    select
        b1_0.id,
        b1_0.badge_name,
        b1_0.unlocked_at,
        b1_0.user_id 
    from
        badge b1_0
Hibernate: 
    select
        u1_0.id,
        u1_0.created_at,
        u1_0.daily_goal,
        u1_0.email,
        u1_0.language,
        u1_0.name,
        u1_0.notification_time,
        u1_0.notifications_enabled,
        u1_0.password,
        u1_0.profile_picture,
        u1_0.role,
        u1_0.start_day,
        u1_0.theme,
        u1_0.timezone,
        u1_0.week_format 
    from
        user u1_0
Hibernate: 
    select
        b1_0.user_id,
        b1_0.id,
        b1_0.badge_name,
        b1_0.unlocked_at 
    from
        badge b1_0 
    where
        b1_0.user_id=?
Hibernate: 
    select
        h1_0.user_id,
        h1_0.id,
        h1_0.active,
        h1_0.category,
        h1_0.color,
        h1_0.created_at,
        h1_0.description,
        h1_0.display_order,
        h1_0.habit_name 
    from
        habit h1_0 
    where
        h1_0.user_id=?
Hibernate: 
    select
        b1_0.user_id,
        b1_0.id,
        b1_0.badge_name,
        b1_0.unlocked_at 
    from
        badge b1_0 
    where
        b1_0.user_id=?
Hibernate: 
    select
        h1_0.user_id,
        h1_0.id,
        h1_0.active,
        h1_0.category,
        h1_0.color,
        h1_0.created_at,
        h1_0.description,
        h1_0.display_order,
        h1_0.habit_name 
    from
        habit h1_0 
    where
        h1_0.user_id=?
Hibernate: 
    insert 
    into
        user
        (created_at, daily_goal, email, language, name, notification_time, notifications_enabled, password, profile_picture, role, start_day, theme, timezone, week_format) 
    values
        (?, ?, ?, ?, ?, ?, ?, ?, ?, ?, ?, ?, ?, ?)
Hibernate: 
    delete 
    from
        habit_tracker 
    where
        id=?
Hibernate: 
    delete 
    from
        habit_tracker 
    where
        id=?
Hibernate: 
    delete 
    from
        habit 
    where
        id=?
Hibernate: 
    delete 
    from
        badge 
    where
        id=?
Hibernate: 
    delete 
    from
        badge 
    where
        id=?
Hibernate: 
    delete 
    from
        user 
    where
        id=?
Hibernate: 
    delete 
    from
        user 
    where
        id=?
Hibernate: 
    select
        u1_0.id 
    from
        user u1_0 
    where
        u1_0.email=? 
    limit
        ?
Hibernate: 
    insert 
    into
        user
        (created_at, daily_goal, email, language, name, notification_time, notifications_enabled, password, profile_picture, role, start_day, theme, timezone, week_format) 
    values
        (?, ?, ?, ?, ?, ?, ?, ?, ?, ?, ?, ?, ?, ?)
Hibernate: 
    select
        u1_0.id,
        u1_0.created_at,
        u1_0.daily_goal,
        u1_0.email,
        u1_0.language,
        u1_0.name,
        u1_0.notification_time,
        u1_0.notifications_enabled,
        u1_0.password,
        u1_0.profile_picture,
        u1_0.role,
        u1_0.start_day,
        u1_0.theme,
        u1_0.timezone,
        u1_0.week_format 
    from
        user u1_0 
    where
        u1_0.email=?
Hibernate: 
    update
        user 
    set
        daily_goal=?,
        email=?,
        language=?,
        name=?,
        notification_time=?,
        notifications_enabled=?,
        password=?,
        profile_picture=?,
        role=?,
        start_day=?,
        theme=?,
        timezone=?,
        week_format=? 
    where
        id=?
Hibernate: 
    select
        h1_0.id 
    from
        habit h1_0 
    where
        h1_0.user_id=? 
        and upper(h1_0.habit_name)=upper(?) 
    limit
        ?
Hibernate: 
    insert 
    into
        habit
        (active, category, color, created_at, description, display_order, habit_name, user_id) 
    values
        (?, ?, ?, ?, ?, ?, ?, ?)
Hibernate: 
    select
        h1_0.id,
        h1_0.active,
        h1_0.category,
        h1_0.color,
        h1_0.created_at,
        h1_0.description,
        h1_0.display_order,
        h1_0.habit_name,
        h1_0.user_id 
    from
        habit h1_0 
    where
        h1_0.user_id=? 
    order by
        h1_0.display_order,
        h1_0.id
Hibernate: 
    select
        b1_0.id,
        b1_0.badge_name,
        b1_0.unlocked_at,
        b1_0.user_id 
    from
        badge b1_0 
    where
        b1_0.user_id=?
Hibernate: 
    select
        h1_0.id,
        h1_0.active,
        h1_0.category,
        h1_0.color,
        h1_0.created_at,
        h1_0.description,
        h1_0.display_order,
        h1_0.habit_name,
        h1_0.user_id 
    from
        habit h1_0 
    where
        h1_0.user_id=? 
    order by
        h1_0.display_order,
        h1_0.id
Hibernate: 
    delete 
    from
        habit 
    where
        id=?
Hibernate: 
    delete 
    from
        user 
    where
        id=?
Hibernate: 
    select
        u1_0.id,
        u1_0.created_at,
        u1_0.daily_goal,
        u1_0.email,
        u1_0.language,
        u1_0.name,
        u1_0.notification_time,
        u1_0.notifications_enabled,
        u1_0.password,
        u1_0.profile_picture,
        u1_0.role,
        u1_0.start_day,
        u1_0.theme,
        u1_0.timezone,
        u1_0.week_format 
    from
        user u1_0 
    where
        u1_0.email=?
Hibernate: 
    select
        h1_0.id,
        h1_0.active,
        h1_0.category,
        h1_0.color,
        h1_0.created_at,
        h1_0.description,
        h1_0.display_order,
        h1_0.habit_name,
        h1_0.user_id 
    from
        habit h1_0 
    where
        h1_0.user_id=? 
    order by
        h1_0.display_order,
        h1_0.id
]]></system-out>
  </testcase>
  <testcase name="testHeatmapGeneration" classname="com.habittracker.HabitServiceAndTrackerTests" time="0.166">
    <system-out><![CDATA[Hibernate: 
    select
        h1_0.id,
        h1_0.active,
        h1_0.category,
        h1_0.color,
        h1_0.created_at,
        h1_0.description,
        h1_0.display_order,
        h1_0.habit_name,
        h1_0.user_id 
    from
        habit h1_0
Hibernate: 
    select
        t1_0.habit_id,
        t1_0.id,
        t1_0.completed,
        t1_0.track_date 
    from
        habit_tracker t1_0 
    where
        t1_0.habit_id=?
Hibernate: 
    select
        b1_0.id,
        b1_0.badge_name,
        b1_0.unlocked_at,
        b1_0.user_id 
    from
        badge b1_0
Hibernate: 
    select
        u1_0.id,
        u1_0.created_at,
        u1_0.daily_goal,
        u1_0.email,
        u1_0.language,
        u1_0.name,
        u1_0.notification_time,
        u1_0.notifications_enabled,
        u1_0.password,
        u1_0.profile_picture,
        u1_0.role,
        u1_0.start_day,
        u1_0.theme,
        u1_0.timezone,
        u1_0.week_format 
    from
        user u1_0
Hibernate: 
    select
        b1_0.user_id,
        b1_0.id,
        b1_0.badge_name,
        b1_0.unlocked_at 
    from
        badge b1_0 
    where
        b1_0.user_id=?
Hibernate: 
    select
        h1_0.user_id,
        h1_0.id,
        h1_0.active,
        h1_0.category,
        h1_0.color,
        h1_0.created_at,
        h1_0.description,
        h1_0.display_order,
        h1_0.habit_name 
    from
        habit h1_0 
    where
        h1_0.user_id=?
Hibernate: 
    select
        b1_0.user_id,
        b1_0.id,
        b1_0.badge_name,
        b1_0.unlocked_at 
    from
        badge b1_0 
    where
        b1_0.user_id=?
Hibernate: 
    select
        h1_0.user_id,
        h1_0.id,
        h1_0.active,
        h1_0.category,
        h1_0.color,
        h1_0.created_at,
        h1_0.description,
        h1_0.display_order,
        h1_0.habit_name 
    from
        habit h1_0 
    where
        h1_0.user_id=?
Hibernate: 
    insert 
    into
        user
        (created_at, daily_goal, email, language, name, notification_time, notifications_enabled, password, profile_picture, role, start_day, theme, timezone, week_format) 
    values
        (?, ?, ?, ?, ?, ?, ?, ?, ?, ?, ?, ?, ?, ?)
Hibernate: 
    delete 
    from
        habit_tracker 
    where
        id=?
Hibernate: 
    delete 
    from
        habit_tracker 
    where
        id=?
Hibernate: 
    delete 
    from
        habit 
    where
        id=?
Hibernate: 
    delete 
    from
        badge 
    where
        id=?
Hibernate: 
    delete 
    from
        badge 
    where
        id=?
Hibernate: 
    delete 
    from
        user 
    where
        id=?
Hibernate: 
    delete 
    from
        user 
    where
        id=?
Hibernate: 
    select
        h1_0.id 
    from
        habit h1_0 
    where
        h1_0.user_id=? 
        and upper(h1_0.habit_name)=upper(?) 
    limit
        ?
Hibernate: 
    insert 
    into
        habit
        (active, category, color, created_at, description, display_order, habit_name, user_id) 
    values
        (?, ?, ?, ?, ?, ?, ?, ?)
Hibernate: 
    select
        h1_0.id,
        h1_0.active,
        h1_0.category,
        h1_0.color,
        h1_0.created_at,
        h1_0.description,
        h1_0.display_order,
        h1_0.habit_name,
        h1_0.user_id 
    from
        habit h1_0 
    where
        h1_0.user_id=? 
        and h1_0.active=? 
    order by
        h1_0.display_order,
        h1_0.id
Hibernate: 
    select
        ht1_0.id,
        ht1_0.completed,
        ht1_0.habit_id,
        ht1_0.track_date 
    from
        habit_tracker ht1_0 
    where
        ht1_0.habit_id in (?) 
        and ht1_0.track_date between ? and ?
]]></system-out>
  </testcase>
  <testcase name="testDashboardControllerError" classname="com.habittracker.HabitServiceAndTrackerTests" time="1.497">
    <system-out><![CDATA[Hibernate: 
    select
        h1_0.id,
        h1_0.active,
        h1_0.category,
        h1_0.color,
        h1_0.created_at,
        h1_0.description,
        h1_0.display_order,
        h1_0.habit_name,
        h1_0.user_id 
    from
        habit h1_0
Hibernate: 
    select
        t1_0.habit_id,
        t1_0.id,
        t1_0.completed,
        t1_0.track_date 
    from
        habit_tracker t1_0 
    where
        t1_0.habit_id=?
Hibernate: 
    select
        b1_0.id,
        b1_0.badge_name,
        b1_0.unlocked_at,
        b1_0.user_id 
    from
        badge b1_0
Hibernate: 
    select
        u1_0.id,
        u1_0.created_at,
        u1_0.daily_goal,
        u1_0.email,
        u1_0.language,
        u1_0.name,
        u1_0.notification_time,
        u1_0.notifications_enabled,
        u1_0.password,
        u1_0.profile_picture,
        u1_0.role,
        u1_0.start_day,
        u1_0.theme,
        u1_0.timezone,
        u1_0.week_format 
    from
        user u1_0
Hibernate: 
    select
        b1_0.user_id,
        b1_0.id,
        b1_0.badge_name,
        b1_0.unlocked_at 
    from
        badge b1_0 
    where
        b1_0.user_id=?
Hibernate: 
    select
        h1_0.user_id,
        h1_0.id,
        h1_0.active,
        h1_0.category,
        h1_0.color,
        h1_0.created_at,
        h1_0.description,
        h1_0.display_order,
        h1_0.habit_name 
    from
        habit h1_0 
    where
        h1_0.user_id=?
Hibernate: 
    select
        b1_0.user_id,
        b1_0.id,
        b1_0.badge_name,
        b1_0.unlocked_at 
    from
        badge b1_0 
    where
        b1_0.user_id=?
Hibernate: 
    select
        h1_0.user_id,
        h1_0.id,
        h1_0.active,
        h1_0.category,
        h1_0.color,
        h1_0.created_at,
        h1_0.description,
        h1_0.display_order,
        h1_0.habit_name 
    from
        habit h1_0 
    where
        h1_0.user_id=?
Hibernate: 
    insert 
    into
        user
        (created_at, daily_goal, email, language, name, notification_time, notifications_enabled, password, profile_picture, role, start_day, theme, timezone, week_format) 
    values
        (?, ?, ?, ?, ?, ?, ?, ?, ?, ?, ?, ?, ?, ?)
Hibernate: 
    delete 
    from
        habit_tracker 
    where
        id=?
Hibernate: 
    delete 
    from
        habit_tracker 
    where
        id=?
Hibernate: 
    delete 
    from
        habit 
    where
        id=?
Hibernate: 
    delete 
    from
        badge 
    where
        id=?
Hibernate: 
    delete 
    from
        badge 
    where
        id=?
Hibernate: 
    delete 
    from
        user 
    where
        id=?
Hibernate: 
    delete 
    from
        user 
    where
        id=?
Hibernate: 
    select
        h1_0.id 
    from
        habit h1_0 
    where
        h1_0.user_id=? 
        and upper(h1_0.habit_name)=upper(?) 
    limit
        ?
Hibernate: 
    insert 
    into
        habit
        (active, category, color, created_at, description, display_order, habit_name, user_id) 
    values
        (?, ?, ?, ?, ?, ?, ?, ?)
Hibernate: 
    select
        u1_0.id,
        u1_0.created_at,
        u1_0.daily_goal,
        u1_0.email,
        u1_0.language,
        u1_0.name,
        u1_0.notification_time,
        u1_0.notifications_enabled,
        u1_0.password,
        u1_0.profile_picture,
        u1_0.role,
        u1_0.start_day,
        u1_0.theme,
        u1_0.timezone,
        u1_0.week_format 
    from
        user u1_0 
    where
        u1_0.email=?
Hibernate: 
    select
        u1_0.id,
        u1_0.created_at,
        u1_0.daily_goal,
        u1_0.email,
        u1_0.language,
        u1_0.name,
        u1_0.notification_time,
        u1_0.notifications_enabled,
        u1_0.password,
        u1_0.profile_picture,
        u1_0.role,
        u1_0.start_day,
        u1_0.theme,
        u1_0.timezone,
        u1_0.week_format 
    from
        user u1_0 
    where
        u1_0.email=?
Hibernate: 
    select
        u1_0.id,
        u1_0.created_at,
        u1_0.daily_goal,
        u1_0.email,
        u1_0.language,
        u1_0.name,
        u1_0.notification_time,
        u1_0.notifications_enabled,
        u1_0.password,
        u1_0.profile_picture,
        u1_0.role,
        u1_0.start_day,
        u1_0.theme,
        u1_0.timezone,
        u1_0.week_format 
    from
        user u1_0 
    where
        u1_0.email=?
Hibernate: 
    select
        h1_0.id,
        h1_0.active,
        h1_0.category,
        h1_0.color,
        h1_0.created_at,
        h1_0.description,
        h1_0.display_order,
        h1_0.habit_name,
        h1_0.user_id 
    from
        habit h1_0 
    where
        h1_0.user_id=? 
        and h1_0.active=? 
    order by
        h1_0.display_order,
        h1_0.id
Hibernate: 
    select
        ht1_0.id,
        ht1_0.completed,
        ht1_0.habit_id,
        ht1_0.track_date 
    from
        habit_tracker ht1_0 
    where
        ht1_0.habit_id in (?) 
        and ht1_0.track_date between ? and ?
Hibernate: 
    select
        h1_0.id,
        h1_0.active,
        h1_0.category,
        h1_0.color,
        h1_0.created_at,
        h1_0.description,
        h1_0.display_order,
        h1_0.habit_name,
        h1_0.user_id 
    from
        habit h1_0 
    where
        h1_0.user_id=? 
        and h1_0.active=? 
    order by
        h1_0.display_order,
        h1_0.id
Hibernate: 
    select
        ht1_0.id,
        ht1_0.completed,
        ht1_0.habit_id,
        ht1_0.track_date 
    from
        habit_tracker ht1_0 
    where
        ht1_0.habit_id in (?) 
        and ht1_0.track_date between ? and ?

MockHttpServletRequest:
      HTTP Method = GET
      Request URI = /dashboard
       Parameters = {}
          Headers = []
             Body = null
    Session Attrs = {org.springframework.security.web.csrf.HttpSessionCsrfTokenRepository.CSRF_TOKEN=org.springframework.security.web.csrf.DefaultCsrfToken@40557b00, SPRING_SECURITY_CONTEXT=SecurityContextImpl [Authentication=UsernamePasswordAuthenticationToken [Principal=org.springframework.security.core.userdetails.User [Username=alice@example.com, Password=[PROTECTED], Enabled=true, AccountNonExpired=true, CredentialsNonExpired=true, AccountNonLocked=true, Granted Authorities=[ROLE_USER]], Credentials=[PROTECTED], Authenticated=true, Details=null, Granted Authorities=[ROLE_USER]]]}

Handler:
             Type = com.habittracker.controller.HabitController
           Method = com.habittracker.controller.HabitController#dashboard(UserDetails, Integer, Integer, Model)

Async:
    Async started = false
     Async result = null

Resolved Exception:
             Type = null

ModelAndView:
        View name = index
             View = null
        Attribute = currentUserProfilePicture
            value = 👤
        Attribute = currentUserTheme
            value = light
        Attribute = username
            value = Alice Smith
        Attribute = today
            value = 2026-07-08
        Attribute = habits
            value = [com.habittracker.entity.Habit@736905fe]
        Attribute = analytics
            value = com.habittracker.dto.DashboardAnalyticsDto@172e4d3a
           errors = []
        Attribute = trackerMap
            value = {}
        Attribute = monthDates
            value = [2026-07-01, 2026-07-02, 2026-07-03, 2026-07-04, 2026-07-05, 2026-07-06, 2026-07-07, 2026-07-08, 2026-07-09, 2026-07-10, 2026-07-11, 2026-07-12, 2026-07-13, 2026-07-14, 2026-07-15, 2026-07-16, 2026-07-17, 2026-07-18, 2026-07-19, 2026-07-20, 2026-07-21, 2026-07-22, 2026-07-23, 2026-07-24, 2026-07-25, 2026-07-26, 2026-07-27, 2026-07-28, 2026-07-29, 2026-07-30, 2026-07-31]
        Attribute = currentYear
            value = 2026
        Attribute = currentMonth
            value = 7
        Attribute = monthName
            value = July
        Attribute = prevYear
            value = 2026
        Attribute = prevMonth
            value = 6
        Attribute = nextYear
            value = 2026
        Attribute = nextMonth
            value = 8

FlashMap:
       Attributes = null

MockHttpServletResponse:
           Status = 200
    Error message = null
          Headers = [Vary:"Origin", "Access-Control-Request-Method", "Access-Control-Request-Headers", Content-Language:"en", Content-Type:"text/html;charset=UTF-8", X-Content-Type-Options:"nosniff", X-XSS-Protection:"0", Cache-Control:"no-cache, no-store, max-age=0, must-revalidate", Pragma:"no-cache", Expires:"0", X-Frame-Options:"DENY"]
     Content type = text/html;charset=UTF-8
             Body = <!DOCTYPE html>
<html lang="en">
<head>
    <meta charset="UTF-8">
    <meta name="viewport" content="width=device-width, initial-scale=1.0">
    <title>Habit Tracker - Premium Dashboard</title>
    <!-- Bootstrap 5 CSS -->
    <link href="https://cdn.jsdelivr.net/npm/bootstrap@5.3.0/dist/css/bootstrap.min.css" rel="stylesheet">
    <!-- Google Fonts: Inter -->
    <link href="https://fonts.googleapis.com/css2?family=Inter:wght@300;400;500;600;700&display=swap" rel="stylesheet">
    <!-- Bootstrap Icons -->
    <link rel="stylesheet" href="https://cdn.jsdelivr.net/npm/bootstrap-icons@1.11.0/font/bootstrap-icons.css">
    
    <!-- CSRF Meta Tags -->
    <meta name="_csrf" content="2gIuVqPfDU6qebQJ1l57VKNwyIVIfKqQXk9hQa7rq33HWJgC4zccZJvub3iHT40x5XNPbZoT5bx6Gs69ZyxTd5yIz0X3Pqsy"/>
    <meta name="_csrf_header" content="X-CSRF-TOKEN"/>

    <style>
        :root {
            --primary: #10b981;
            --primary-hover: #059669;
            --primary-light: rgba(16, 185, 129, 0.1);
            --bg: #f8fafc;
            --card-bg: #ffffff;
            --text-main: #0f172a;
            --text-muted: #64748b;
            --border: #e2e8f0;
            --border-hover: #cbd5e1;
            --shadow-sm: 0 1px 2px 0 rgba(0, 0, 0, 0.05);
            --shadow: 0 4px 6px -1px rgba(0, 0, 0, 0.05), 0 2px 4px -2px rgba(0, 0, 0, 0.05);
            --shadow-md: 0 10px 15px -3px rgba(0, 0, 0, 0.05), 0 4px 6px -4px rgba(0, 0, 0, 0.05);
        }
        body.dark-mode {
            --primary: #10b981;
            --primary-hover: #059669;
            --primary-light: rgba(16, 185, 129, 0.15);
            --bg: #0f172a;
            --card-bg: #1e293b;
            --text-main: #f8fafc;
            --text-muted: #94a3b8;
            --border: #334155;
            --border-hover: #475569;
        }
        body {
            font-family: 'Inter', sans-serif;
            background-color: var(--bg);
            color: var(--text-main);
            min-height: 100vh;
            transition: background-color 0.3s, color 0.3s;
        }
        .navbar-custom {
            background-color: rgba(255, 255, 255, 0.8) !important;
            backdrop-filter: blur(12px);
            -webkit-backdrop-filter: blur(12px);
            border-bottom: 1px solid var(--border);
            position: sticky;
            top: 0;
            z-index: 1020;
            transition: background-color 0.3s, border-color 0.3s;
        }
        body.dark-mode .navbar-custom {
            background-color: rgba(30, 41, 59, 0.8) !important;
        }
        .navbar-brand {
            font-weight: 700;
            color: var(--primary) !important;
            font-size: 1.4rem;
        }
        .card-custom {
            border: 1px solid var(--border) !important;
            border-radius: 16px;
            box-shadow: var(--shadow) !important;
            background: var(--card-bg) !important;
            transition: transform 0.3s cubic-bezier(0.4, 0, 0.2, 1), box-shadow 0.3s cubic-bezier(0.4, 0, 0.2, 1), border-color 0.3s, background-color 0.3s;
        }
        .card-custom:hover {
            transform: translateY(-2px);
            box-shadow: var(--shadow-md) !important;
            border-color: var(--border-hover) !important;
        }
        .month-header {
            font-size: 2.2rem;
            font-weight: 700;
            color: var(--text-main);
        }
        .btn-green-outline {
            color: var(--primary);
            border: 2px solid var(--primary);
            font-weight: 600;
            border-radius: 10px;
            transition: all 0.2s ease;
            background: transparent;
            padding: 0.5rem 1.25rem;
        }
        .btn-green-outline:hover {
            background-color: var(--primary);
            border-color: var(--primary);
            color: #ffffff;
            box-shadow: 0 4px 12px var(--primary-light);
        }
        body.dark-mode .btn-green-outline:hover {
            color: #0f172a;
        }
        .btn-green {
            background-color: var(--primary);
            border-color: var(--primary);
            color: white;
            font-weight: 600;
            border-radius: 10px;
            padding: 0.5rem 1.25rem;
            transition: all 0.2s ease;
        }
        .btn-green:hover {
            background-color: var(--primary-hover);
            border-color: var(--primary-hover);
            color: white;
            box-shadow: 0 4px 12px var(--primary-light);
        }
        .table-container {
            overflow-x: auto;
            border-radius: 12px;
            border: 1px solid var(--border);
            background-color: var(--card-bg);
        }
        .habit-table {
            margin-bottom: 0;
            background-color: var(--card-bg);
            color: var(--text-main);
        }
        .habit-table th {
            background-color: var(--bg);
            color: var(--text-muted);
            font-weight: 600;
            font-size: 0.85rem;
            text-align: center;
            border-bottom: 2px solid var(--border);
            padding: 0.75rem 0.5rem;
        }
        .habit-table th.habit-name-col {
            text-align: left;
            padding-left: 1.5rem;
            min-width: 200px;
        }
        .habit-table td {
            vertical-align: middle;
            text-align: center;
            padding: 0.6rem 0.4rem;
            border-bottom: 1px solid var(--border);
        }
        .habit-table td.habit-name-col {
            text-align: left;
            padding-left: 1.5rem;
            font-weight: 600;
            font-size: 0.95rem;
        }
        .habit-checkbox {
            width: 22px;
            height: 22px;
            border-radius: 6px;
            border: 2px solid var(--border-hover);
            cursor: pointer;
            appearance: none;
            -webkit-appearance: none;
            display: inline-block;
            outline: none;
            position: relative;
            background-color: var(--card-bg);
            transition: all 0.15s ease-in-out;
        }
        .habit-checkbox:checked {
            background-color: var(--primary);
            border-color: var(--primary);
        }
        .habit-checkbox:checked::after {
            content: "\F26B";
            font-family: "bootstrap-icons";
            font-weight: 900;
            color: white;
            font-size: 14px;
            position: absolute;
            top: 50%;
            left: 50%;
            transform: translate(-50%, -50%);
        }
        .habit-checkbox:disabled {
            background-color: var(--border);
            cursor: not-allowed;
            border-color: var(--border);
        }
        .status-toast {
            position: fixed;
            bottom: 20px;
            right: 20px;
            z-index: 1050;
            display: none;
        }
        .today-col {
            background-color: var(--primary-light) !important;
            border-left: 1px dashed var(--primary) !important;
            border-right: 1px dashed var(--primary) !important;
        }
        .live-clock-container {
            border: 1px solid var(--border);
            border-radius: 12px;
            background-color: var(--card-bg);
        }
        .fade-in-up {
            animation: fadeInUp 0.4s ease-out forwards;
        }
        @keyframes fadeInUp {
            from {
                opacity: 0;
                transform: translateY(15px);
            }
            to {
                opacity: 1;
                transform: translateY(0);
            }
        }
        .chart-box {
            position: relative;
            height: 120px;
            width: 100%;
        }
        .chart-center-label {
            position: absolute;
            top: 50%;
            left: 50%;
            transform: translate(-50%, -50%);
            font-size: 1.5rem;
            font-weight: 800;
            color: var(--text-main);
        }
        /* Skeleton Shimmer Loading Utilities */
        .skeleton {
            background-color: var(--border);
            background-image: linear-gradient(
                90deg,
                rgba(255, 255, 255, 0) 0%,
                rgba(255, 255, 255, 0.4) 50%,
                rgba(255, 255, 255, 0) 100%
            );
            background-size: 200px 100%;
            background-repeat: no-repeat;
            animation: shimmer 1.5s infinite;
        }
        @keyframes shimmer {
            0% {
                background-position: -200px 0;
            }
            100% {
                background-position: calc(200px + 100%) 0;
            }
        }
        .fab {
            position: fixed;
            bottom: 30px;
            right: 30px;
            width: 60px;
            height: 60px;
            border-radius: 50%;
            background-color: var(--primary);
            color: white;
            display: flex;
            align-items: center;
            justify-content: center;
            font-size: 24px;
            box-shadow: 0 4px 12px var(--primary-light);
            cursor: pointer;
            z-index: 1000;
            transition: transform 0.2s, background-color 0.2s, box-shadow 0.2s;
            text-decoration: none;
        }
        .fab:hover {
            transform: scale(1.1);
            background-color: var(--primary-hover);
            color: white;
            box-shadow: 0 6px 16px rgba(16, 185, 129, 0.4);
        }

        /* Modal custom dark overrides */
        body.dark-mode .modal-content {
            background-color: var(--card-bg) !important;
            border-color: var(--border) !important;
            color: var(--text-main) !important;
        }
        body.dark-mode .modal-header, body.dark-mode .modal-footer {
            border-color: var(--border) !important;
        }
        body.dark-mode .modal-header .btn-close {
            filter: invert(1) grayscale(100%) brightness(200%);
        }

        /* Calendar specific dark overrides */
        body.dark-mode .calendar-grid .day-cell.header-cell {
            color: var(--text-muted) !important;
        }
        body.dark-mode .calendar-grid .day-cell.day-border {
            border-color: var(--border) !important;
        }
        body.dark-mode .calendar-grid .day-cell:not(.empty-cell):hover {
            background-color: var(--border-hover) !important;
        }
        body.dark-mode .calendar-grid .day-cell.today-cell {
            background-color: var(--primary-light) !important;
            border-color: var(--primary) !important;
        }
    </style>
</head>
<body>

<!-- Navbar -->
<nav class="navbar navbar-expand-lg navbar-custom py-3 mb-4">
    <div class="container">
        <a class="navbar-brand" href="#"><i class="bi bi-leaf"></i> Habit Tracker</a>
        <div class="d-flex align-items-center gap-3">
            
            <a href="/analytics" class="btn btn-green-outline btn-sm px-3"><i class="bi bi-graph-up-arrow"></i> Analytics</a>
            <a href="/profile" class="btn btn-green-outline btn-sm px-3"><i class="bi bi-person-fill"></i> My Profile</a>
            <a href="/habits" class="btn btn-green-outline btn-sm px-3"><i class="bi bi-list-task"></i> Manage Habits</a>
            <a href="/settings" class="btn btn-green-outline btn-sm px-3"><i class="bi bi-gear-fill"></i> Settings</a>
            <form action="/logout" method="post" class="m-0"><input type="hidden" name="_csrf" value="2gIuVqPfDU6qebQJ1l57VKNwyIVIfKqQXk9hQa7rq33HWJgC4zccZJvub3iHT40x5XNPbZoT5bx6Gs69ZyxTd5yIz0X3Pqsy"/>
                <button type="submit" class="btn btn-outline-danger btn-sm rounded-pill px-3">Logout</button>
            </form>
        </div>
    </div>
</nav>

<!-- Main Container -->
<div class="container pb-5 fade-in-up">
    <div class="row">
        
        <!-- Left/Center Content Column -->
        <div class="col-lg-9 col-md-12">
            
            <!-- Top Dashboard Stats Row -->
            <div class="row g-3 mb-4">
                <div class="col-6 col-sm-3 col-lg-3">
                    <div class="card card-custom p-3 text-center">
                        <div class="text-success fs-3 mb-1"><i class="bi bi-rocket-takeoff-fill"></i></div>
                        <h3 class="fw-bold mb-0">0%</h3>
                        <small class="text-muted small">Today's Progress</small>
                    </div>
                </div>
                <div class="col-6 col-sm-3 col-lg-3">
                    <div class="card card-custom p-3 text-center">
                        <div class="text-warning fs-3 mb-1"><i class="bi bi-fire"></i></div>
                        <h3 class="fw-bold mb-0">0 Days</h3>
                        <small class="text-muted small">Current Streak</small>
                    </div>
                </div>
                <div class="col-6 col-sm-3 col-lg-3">
                    <div class="card card-custom p-3 text-center">
                        <div class="text-primary fs-3 mb-1"><i class="bi bi-trophy-fill"></i></div>
                        <h3 class="fw-bold mb-0">0 Days</h3>
                        <small class="text-muted small">Longest Streak</small>
                    </div>
                </div>
                <div class="col-6 col-sm-3 col-lg-3">
                    <div class="card card-custom p-3 text-center">
                        <div class="text-info fs-3 mb-1"><i class="bi bi-bookmark-check-fill"></i></div>
                        <h3 class="fw-bold mb-0">1</h3>
                        <small class="text-muted small">Total Habits</small>
                    </div>
                </div>
            </div>

            <!-- Main Charts Row -->
            <div class="card card-custom p-4 mb-4">
                <h5 class="fw-bold mb-3"><i class="bi bi-pie-chart-fill text-success"></i> Completion Analytics</h5>
                <div class="row g-3 text-center">
                    <div class="col-6 col-md-3">
                        <div class="chart-box">
                            <canvas id="overallChart"></canvas>
                            <div class="chart-center-label">0%</div>
                        </div>
                        <div class="fw-semibold mt-2 small">Overall</div>
                    </div>
                    <div class="col-6 col-md-3">
                        <div class="chart-box">
                            <canvas id="todayChart"></canvas>
                            <div class="chart-center-label">0%</div>
                        </div>
                        <div class="fw-semibold mt-2 small">Today</div>
                    </div>
                    <div class="col-6 col-md-3">
                        <div class="chart-box">
                            <canvas id="weeklyChart"></canvas>
                            <div class="chart-center-label">0%</div>
                        </div>
                        <div class="fw-semibold mt-2 small">Weekly</div>
                    </div>
                    <div class="col-6 col-md-3">
                        <div class="chart-box">
                            <canvas id="monthlyChart"></canvas>
                            <div class="chart-center-label">0%</div>
                        </div>
                        <div class="fw-semibold mt-2 small">Monthly</div>
                    </div>
                </div>
            </div>

            <!-- Progress Bars Section -->
            <div class="card card-custom p-4 mb-4">
                <h5 class="fw-bold mb-3"><i class="bi bi-bar-chart-steps text-success"></i> Progress Tracking</h5>
                <div class="row">
                    <div class="col-md-6 mb-3">
                        <div class="d-flex justify-content-between small fw-medium text-muted mb-1">
                            <span>Today's Progress</span>
                            <span>0%</span>
                        </div>
                        <div class="progress rounded-pill" style="height: 10px;">
                            <div class="progress-bar bg-success progress-bar-striped progress-bar-animated" role="progressbar" style="width: 0%"></div>
                        </div>
                    </div>
                    <div class="col-md-6 mb-3">
                        <div class="d-flex justify-content-between small fw-medium text-muted mb-1">
                            <span>Weekly Progress</span>
                            <span>0%</span>
                        </div>
                        <div class="progress rounded-pill" style="height: 10px;">
                            <div class="progress-bar bg-success progress-bar-striped progress-bar-animated" role="progressbar" style="width: 0%"></div>
                        </div>
                    </div>
                    <div class="col-md-6 mb-3 mb-md-0">
                        <div class="d-flex justify-content-between small fw-medium text-muted mb-1">
                            <span>Monthly Progress</span>
                            <span>0%</span>
                        </div>
                        <div class="progress rounded-pill" style="height: 10px;">
                            <div class="progress-bar bg-success progress-bar-striped progress-bar-animated" role="progressbar" style="width: 0%"></div>
                        </div>
                    </div>
                    <div class="col-md-6">
                        <div class="d-flex justify-content-between small fw-medium text-muted mb-1">
                            <span>Overall Progress</span>
                            <span>0%</span>
                        </div>
                        <div class="progress rounded-pill" style="height: 10px;">
                            <div class="progress-bar bg-success progress-bar-striped progress-bar-animated" role="progressbar" style="width: 0%"></div>
                        </div>
                    </div>
                </div>
            </div>

            <!-- Weekly 7-Day Dashboard Cards -->
            <div class="card card-custom p-4 mb-4">
                <h5 class="fw-bold mb-3"><i class="bi bi-calendar-range-fill text-success"></i> Trailing Week Analysis</h5>
                <div class="row g-2">
                    <div class="col-4 col-sm-3 col-md-2 flex-grow-1">
                        <div class="card p-2 text-center border-0 rounded-3 text-dark h-100 bg-light">
                            <span class="fw-bold small text-truncate d-block">Monday</span>
                            
                            <!-- Mini Progress Circle -->
                            <div class="d-flex justify-content-center my-2">
                                <div class="rounded-circle d-flex align-items-center justify-content-center bg-white border border-success fw-bold text-success" 
                                     style="width: 44px; height: 44px; font-size: 0.8rem;">0%</div>
                            </div>
                            
                            <div class="small text-muted" style="font-size: 0.72rem;">
                                <span class="d-block">Done: 0</span>
                                <span class="d-block">Pend: 1</span>
                            </div>
                        </div>
                    </div>
                    <div class="col-4 col-sm-3 col-md-2 flex-grow-1">
                        <div class="card p-2 text-center border-0 rounded-3 text-dark h-100 bg-light">
                            <span class="fw-bold small text-truncate d-block">Tuesday</span>
                            
                            <!-- Mini Progress Circle -->
                            <div class="d-flex justify-content-center my-2">
                                <div class="rounded-circle d-flex align-items-center justify-content-center bg-white border border-success fw-bold text-success" 
                                     style="width: 44px; height: 44px; font-size: 0.8rem;">0%</div>
                            </div>
                            
                            <div class="small text-muted" style="font-size: 0.72rem;">
                                <span class="d-block">Done: 0</span>
                                <span class="d-block">Pend: 1</span>
                            </div>
                        </div>
                    </div>
                    <div class="col-4 col-sm-3 col-md-2 flex-grow-1">
                        <div class="card p-2 text-center border-0 rounded-3 text-dark h-100 border border-2 border-success bg-success-subtle shadow-sm">
                            <span class="fw-bold small text-truncate d-block">Wednesday</span>
                            
                            <!-- Mini Progress Circle -->
                            <div class="d-flex justify-content-center my-2">
                                <div class="rounded-circle d-flex align-items-center justify-content-center bg-white border border-success fw-bold text-success" 
                                     style="width: 44px; height: 44px; font-size: 0.8rem;">0%</div>
                            </div>
                            
                            <div class="small text-muted" style="font-size: 0.72rem;">
                                <span class="d-block">Done: 0</span>
                                <span class="d-block">Pend: 1</span>
                            </div>
                        </div>
                    </div>
                    <div class="col-4 col-sm-3 col-md-2 flex-grow-1">
                        <div class="card p-2 text-center border-0 rounded-3 text-dark h-100 bg-light">
                            <span class="fw-bold small text-truncate d-block">Thursday</span>
                            
                            <!-- Mini Progress Circle -->
                            <div class="d-flex justify-content-center my-2">
                                <div class="rounded-circle d-flex align-items-center justify-content-center bg-white border border-success fw-bold text-success" 
                                     style="width: 44px; height: 44px; font-size: 0.8rem;">0%</div>
                            </div>
                            
                            <div class="small text-muted" style="font-size: 0.72rem;">
                                <span class="d-block">Done: 0</span>
                                <span class="d-block">Pend: 1</span>
                            </div>
                        </div>
                    </div>
                    <div class="col-4 col-sm-3 col-md-2 flex-grow-1">
                        <div class="card p-2 text-center border-0 rounded-3 text-dark h-100 bg-light">
                            <span class="fw-bold small text-truncate d-block">Friday</span>
                            
                            <!-- Mini Progress Circle -->
                            <div class="d-flex justify-content-center my-2">
                                <div class="rounded-circle d-flex align-items-center justify-content-center bg-white border border-success fw-bold text-success" 
                                     style="width: 44px; height: 44px; font-size: 0.8rem;">0%</div>
                            </div>
                            
                            <div class="small text-muted" style="font-size: 0.72rem;">
                                <span class="d-block">Done: 0</span>
                                <span class="d-block">Pend: 1</span>
                            </div>
                        </div>
                    </div>
                    <div class="col-4 col-sm-3 col-md-2 flex-grow-1">
                        <div class="card p-2 text-center border-0 rounded-3 text-dark h-100 bg-light">
                            <span class="fw-bold small text-truncate d-block">Saturday</span>
                            
                            <!-- Mini Progress Circle -->
                            <div class="d-flex justify-content-center my-2">
                                <div class="rounded-circle d-flex align-items-center justify-content-center bg-white border border-success fw-bold text-success" 
                                     style="width: 44px; height: 44px; font-size: 0.8rem;">0%</div>
                            </div>
                            
                            <div class="small text-muted" style="font-size: 0.72rem;">
                                <span class="d-block">Done: 0</span>
                                <span class="d-block">Pend: 1</span>
                            </div>
                        </div>
                    </div>
                    <div class="col-4 col-sm-3 col-md-2 flex-grow-1">
                        <div class="card p-2 text-center border-0 rounded-3 text-dark h-100 bg-light">
                            <span class="fw-bold small text-truncate d-block">Sunday</span>
                            
                            <!-- Mini Progress Circle -->
                            <div class="d-flex justify-content-center my-2">
                                <div class="rounded-circle d-flex align-items-center justify-content-center bg-white border border-success fw-bold text-success" 
                                     style="width: 44px; height: 44px; font-size: 0.8rem;">0%</div>
                            </div>
                            
                            <div class="small text-muted" style="font-size: 0.72rem;">
                                <span class="d-block">Done: 0</span>
                                <span class="d-block">Pend: 1</span>
                            </div>
                        </div>
                    </div>
                </div>
            </div>

            <!-- Main Month Header (Month Navigation inside content area) -->
            <div class="d-flex flex-column flex-sm-row justify-content-between align-items-center mb-4 gap-3">
                <div>
                    <span class="month-header text-capitalize">July 2026</span>
                </div>
                <div class="d-flex gap-2">
                    <a href="/dashboard?year=2026&amp;month=6" class="btn btn-green-outline px-3 py-2">
                        <i class="bi bi-chevron-left"></i> Previous Month
                    </a>
                    <a href="/dashboard" class="btn btn-green px-4 py-2">Today</a>
                    <a href="/dashboard?year=2026&amp;month=8" class="btn btn-green-outline px-3 py-2">
                        Next Month <i class="bi bi-chevron-right"></i>
                    </a>
                </div>
            </div>

            <!-- Monthly Calendar Grid Card -->
            <div class="card card-custom p-4 mb-4">
                <div class="d-flex justify-content-between align-items-center mb-3">
                    <h5 class="fw-bold mb-0"><i class="bi bi-grid-3x3-gap-fill text-success"></i> Monthly Tracker Grid</h5>
                </div>

                

                <div class="table-container">
                    <table class="table habit-table table-hover">
                        <thead>
                            <tr>
                                <th class="habit-name-col">My Habits</th>
                                <th>
                                    <div>
                                        <div class="small fw-semibold text-muted text-uppercase">Wed</div>
                                        <div class="fw-bold fs-5 mt-1">1</div>
                                    </div>
                                </th>
                                <th>
                                    <div>
                                        <div class="small fw-semibold text-muted text-uppercase">Thu</div>
                                        <div class="fw-bold fs-5 mt-1">2</div>
                                    </div>
                                </th>
                                <th>
                                    <div>
                                        <div class="small fw-semibold text-muted text-uppercase">Fri</div>
                                        <div class="fw-bold fs-5 mt-1">3</div>
                                    </div>
                                </th>
                                <th>
                                    <div>
                                        <div class="small fw-semibold text-muted text-uppercase">Sat</div>
                                        <div class="fw-bold fs-5 mt-1">4</div>
                                    </div>
                                </th>
                                <th>
                                    <div>
                                        <div class="small fw-semibold text-muted text-uppercase">Sun</div>
                                        <div class="fw-bold fs-5 mt-1">5</div>
                                    </div>
                                </th>
                                <th>
                                    <div>
                                        <div class="small fw-semibold text-muted text-uppercase">Mon</div>
                                        <div class="fw-bold fs-5 mt-1">6</div>
                                    </div>
                                </th>
                                <th>
                                    <div>
                                        <div class="small fw-semibold text-muted text-uppercase">Tue</div>
                                        <div class="fw-bold fs-5 mt-1">7</div>
                                    </div>
                                </th>
                                <th class="today-col">
                                    <div class="text-success fw-bold">
                                        <div class="small fw-semibold text-muted text-uppercase">Wed</div>
                                        <div class="fw-bold fs-5 mt-1">[8]</div>
                                    </div>
                                </th>
                                <th>
                                    <div>
                                        <div class="small fw-semibold text-muted text-uppercase">Thu</div>
                                        <div class="fw-bold fs-5 mt-1">9</div>
                                    </div>
                                </th>
                                <th>
                                    <div>
                                        <div class="small fw-semibold text-muted text-uppercase">Fri</div>
                                        <div class="fw-bold fs-5 mt-1">10</div>
                                    </div>
                                </th>
                                <th>
                                    <div>
                                        <div class="small fw-semibold text-muted text-uppercase">Sat</div>
                                        <div class="fw-bold fs-5 mt-1">11</div>
                                    </div>
                                </th>
                                <th>
                                    <div>
                                        <div class="small fw-semibold text-muted text-uppercase">Sun</div>
                                        <div class="fw-bold fs-5 mt-1">12</div>
                                    </div>
                                </th>
                                <th>
                                    <div>
                                        <div class="small fw-semibold text-muted text-uppercase">Mon</div>
                                        <div class="fw-bold fs-5 mt-1">13</div>
                                    </div>
                                </th>
                                <th>
                                    <div>
                                        <div class="small fw-semibold text-muted text-uppercase">Tue</div>
                                        <div class="fw-bold fs-5 mt-1">14</div>
                                    </div>
                                </th>
                                <th>
                                    <div>
                                        <div class="small fw-semibold text-muted text-uppercase">Wed</div>
                                        <div class="fw-bold fs-5 mt-1">15</div>
                                    </div>
                                </th>
                                <th>
                                    <div>
                                        <div class="small fw-semibold text-muted text-uppercase">Thu</div>
                                        <div class="fw-bold fs-5 mt-1">16</div>
                                    </div>
                                </th>
                                <th>
                                    <div>
                                        <div class="small fw-semibold text-muted text-uppercase">Fri</div>
                                        <div class="fw-bold fs-5 mt-1">17</div>
                                    </div>
                                </th>
                                <th>
                                    <div>
                                        <div class="small fw-semibold text-muted text-uppercase">Sat</div>
                                        <div class="fw-bold fs-5 mt-1">18</div>
                                    </div>
                                </th>
                                <th>
                                    <div>
                                        <div class="small fw-semibold text-muted text-uppercase">Sun</div>
                                        <div class="fw-bold fs-5 mt-1">19</div>
                                    </div>
                                </th>
                                <th>
                                    <div>
                                        <div class="small fw-semibold text-muted text-uppercase">Mon</div>
                                        <div class="fw-bold fs-5 mt-1">20</div>
                                    </div>
                                </th>
                                <th>
                                    <div>
                                        <div class="small fw-semibold text-muted text-uppercase">Tue</div>
                                        <div class="fw-bold fs-5 mt-1">21</div>
                                    </div>
                                </th>
                                <th>
                                    <div>
                                        <div class="small fw-semibold text-muted text-uppercase">Wed</div>
                                        <div class="fw-bold fs-5 mt-1">22</div>
                                    </div>
                                </th>
                                <th>
                                    <div>
                                        <div class="small fw-semibold text-muted text-uppercase">Thu</div>
                                        <div class="fw-bold fs-5 mt-1">23</div>
                                    </div>
                                </th>
                                <th>
                                    <div>
                                        <div class="small fw-semibold text-muted text-uppercase">Fri</div>
                                        <div class="fw-bold fs-5 mt-1">24</div>
                                    </div>
                                </th>
                                <th>
                                    <div>
                                        <div class="small fw-semibold text-muted text-uppercase">Sat</div>
                                        <div class="fw-bold fs-5 mt-1">25</div>
                                    </div>
                                </th>
                                <th>
                                    <div>
                                        <div class="small fw-semibold text-muted text-uppercase">Sun</div>
                                        <div class="fw-bold fs-5 mt-1">26</div>
                                    </div>
                                </th>
                                <th>
                                    <div>
                                        <div class="small fw-semibold text-muted text-uppercase">Mon</div>
                                        <div class="fw-bold fs-5 mt-1">27</div>
                                    </div>
                                </th>
                                <th>
                                    <div>
                                        <div class="small fw-semibold text-muted text-uppercase">Tue</div>
                                        <div class="fw-bold fs-5 mt-1">28</div>
                                    </div>
                                </th>
                                <th>
                                    <div>
                                        <div class="small fw-semibold text-muted text-uppercase">Wed</div>
                                        <div class="fw-bold fs-5 mt-1">29</div>
                                    </div>
                                </th>
                                <th>
                                    <div>
                                        <div class="small fw-semibold text-muted text-uppercase">Thu</div>
                                        <div class="fw-bold fs-5 mt-1">30</div>
                                    </div>
                                </th>
                                <th>
                                    <div>
                                        <div class="small fw-semibold text-muted text-uppercase">Fri</div>
                                        <div class="fw-bold fs-5 mt-1">31</div>
                                    </div>
                                </th>
                            </tr>
                        </thead>
                        <tbody>
                            <tr class="habit-row" style="border-left: 4px solid #2ecc71">
                                <td class="habit-name-col">
                                    <span>Exercise</span>
                                    <small class="d-block text-muted fw-normal"></small>
                                </td>
                                <td>
                                    <!-- Past Date (Read-Only) -->
                                    
                                        
                                        <span class="text-muted opacity-25" title="Not completed">—</span>
                                    
                                    
                                    <!-- Today (Editable Checkbox) -->
                                    
                                    
                                    <!-- Future Date (Disabled Checkbox) -->
                                    
                                </td>
                                <td>
                                    <!-- Past Date (Read-Only) -->
                                    
                                        
                                        <span class="text-muted opacity-25" title="Not completed">—</span>
                                    
                                    
                                    <!-- Today (Editable Checkbox) -->
                                    
                                    
                                    <!-- Future Date (Disabled Checkbox) -->
                                    
                                </td>
                                <td>
                                    <!-- Past Date (Read-Only) -->
                                    
                                        
                                        <span class="text-muted opacity-25" title="Not completed">—</span>
                                    
                                    
                                    <!-- Today (Editable Checkbox) -->
                                    
                                    
                                    <!-- Future Date (Disabled Checkbox) -->
                                    
                                </td>
                                <td>
                                    <!-- Past Date (Read-Only) -->
                                    
                                        
                                        <span class="text-muted opacity-25" title="Not completed">—</span>
                                    
                                    
                                    <!-- Today (Editable Checkbox) -->
                                    
                                    
                                    <!-- Future Date (Disabled Checkbox) -->
[...]
            if (!response.ok) {
                return response.json().then(data => {
                    throw new Error(data.message || 'HTTP error ' + response.status);
                });
            }
            return response.json();
        })
        .then(data => {
            checkbox.disabled = false;
            showToast();
            // Reload page to automatically refresh progress charts and stats cards
            setTimeout(() => {
                window.location.reload();
            }, 500);
        })
        .catch(error => {
            console.error('Error auto-saving habit:', error);
            checkbox.checked = !completed;
            checkbox.disabled = false;
            showErrorToast(error.message || "Failed to save progress. Only today's date can be edited.");
        });
    }

    function showToast() {
        const toastEl = document.querySelector('.status-toast');
        toastEl.style.display = 'block';
        setTimeout(() => {
            toastEl.style.display = 'none';
        }, 1500);
    }

    function showErrorToast(msg) {
        const toastEl = document.querySelector('.error-toast');
        document.getElementById('error-toast-msg').innerText = msg;
        toastEl.style.display = 'block';
        setTimeout(() => {
            toastEl.style.display = 'none';
        }, 3000);
    }

    // Set loaded server day and month in IST using comment inlining to prevent syntax errors
    window.loadedDay = "08";
    window.loadedMonth = "07";

    function updateClock() {
        const now = new Date();
        
        // Browser timezone formatting options targeting Asia/Kolkata
        const weekday = now.toLocaleDateString('en-US', { timeZone: 'Asia/Kolkata', weekday: 'long' });
        const day = now.toLocaleDateString('en-US', { timeZone: 'Asia/Kolkata', day: '2-digit' });
        const month = now.toLocaleDateString('en-US', { timeZone: 'Asia/Kolkata', month: 'long' });
        const year = now.toLocaleDateString('en-US', { timeZone: 'Asia/Kolkata', year: 'numeric' });
        
        // Output format: Day on top, Date below
        const dateHtml = `${weekday}<br/>${day} ${month} ${year}`;
        
        const timeString = now.toLocaleTimeString('en-US', {
            timeZone: 'Asia/Kolkata',
            hour: '2-digit',
            minute: '2-digit',
            second: '2-digit',
            hour12: true
        }) + ' IST';
        
        document.getElementById('live-date').innerHTML = dateHtml;
        document.getElementById('live-time').innerText = timeString;
        
        // Midnight detection and dynamic refresh
        const currentDay = now.toLocaleDateString('en-US', { timeZone: 'Asia/Kolkata', day: '2-digit' });
        const currentMonth = now.toLocaleDateString('en-US', { timeZone: 'Asia/Kolkata', month: '2-digit' });

        if (window.loadedDay && currentDay !== window.loadedDay) {
            window.loadedDay = currentDay;
            // Refresh dashboard if month changes
            if (window.loadedMonth && currentMonth !== window.loadedMonth) {
                window.location.reload();
            }
        }
    }

    // Init live clock
    setInterval(updateClock, 1000);
    updateClock();

    // Auto-scroll to today's column on load
    window.addEventListener('DOMContentLoaded', () => {
        setTimeout(() => {
            const todayCol = document.querySelector('.today-col');
            if (todayCol) {
                todayCol.scrollIntoView({ behavior: 'smooth', block: 'nearest', inline: 'center' });
            }
        }, 300);
    });

    // ----------------------------------------------------
    // CHART.JS CONFIGURATION (DOUGHNUT CHARTS)
    // ----------------------------------------------------
    const overallVal = 0;
    const todayVal = 0;
    const weeklyVal = 0;
    const monthlyVal = 0;

    if (!window.myCharts) {
        window.myCharts = {};
    }

    function createDoughnutChart(canvasId, value) {
        // Destroy old chart before creating new one to prevent memory leaks and duplicates
        if (window.myCharts[canvasId]) {
            window.myCharts[canvasId].destroy();
        }

        const ctx = document.getElementById(canvasId).getContext('2d');
        window.myCharts[canvasId] = new Chart(ctx, {
            type: 'doughnut',
            data: {
                labels: ['Completed', 'Remaining'],
                datasets: [{
                    data: [value, 100 - value],
                    backgroundColor: ['#22c55e', '#ecf0f1'],
                    borderWidth: 0,
                    borderRadius: 10,
                    borderAlign: 'inner'
                }]
            },
            options: {
                responsive: true,
                maintainAspectRatio: false,
                cutout: '75%', // Thickness
                animation: {
                    duration: 1200,
                    easing: 'easeOutQuart'
                },
                plugins: {
                    legend: { display: false },
                    tooltip: {
                        enabled: true,
                        callbacks: {
                            label: function(context) {
                                return ' ' + context.label + ': ' + context.raw + '%';
                            }
                        }
                    }
                }
            }
        });
    }

    createDoughnutChart('overallChart', overallVal);
    createDoughnutChart('todayChart', todayVal);
    createDoughnutChart('weeklyChart', weeklyVal);
    createDoughnutChart('monthlyChart', monthlyVal);
</script>
</body>
</html>

    Forwarded URL = null
   Redirected URL = null
          Cookies = []
]]></system-out>
  </testcase>
  <testcase name="testCreateHabitAndDuplicateValidation" classname="com.habittracker.HabitServiceAndTrackerTests" time="0.078">
    <system-out><![CDATA[Hibernate: 
    select
        h1_0.id,
        h1_0.active,
        h1_0.category,
        h1_0.color,
        h1_0.created_at,
        h1_0.description,
        h1_0.display_order,
        h1_0.habit_name,
        h1_0.user_id 
    from
        habit h1_0
Hibernate: 
    select
        t1_0.habit_id,
        t1_0.id,
        t1_0.completed,
        t1_0.track_date 
    from
        habit_tracker t1_0 
    where
        t1_0.habit_id=?
Hibernate: 
    select
        b1_0.id,
        b1_0.badge_name,
        b1_0.unlocked_at,
        b1_0.user_id 
    from
        badge b1_0
Hibernate: 
    select
        u1_0.id,
        u1_0.created_at,
        u1_0.daily_goal,
        u1_0.email,
        u1_0.language,
        u1_0.name,
        u1_0.notification_time,
        u1_0.notifications_enabled,
        u1_0.password,
        u1_0.profile_picture,
        u1_0.role,
        u1_0.start_day,
        u1_0.theme,
        u1_0.timezone,
        u1_0.week_format 
    from
        user u1_0
Hibernate: 
    select
        b1_0.user_id,
        b1_0.id,
        b1_0.badge_name,
        b1_0.unlocked_at 
    from
        badge b1_0 
    where
        b1_0.user_id=?
Hibernate: 
    select
        h1_0.user_id,
        h1_0.id,
        h1_0.active,
        h1_0.category,
        h1_0.color,
        h1_0.created_at,
        h1_0.description,
        h1_0.display_order,
        h1_0.habit_name 
    from
        habit h1_0 
    where
        h1_0.user_id=?
Hibernate: 
    select
        b1_0.user_id,
        b1_0.id,
        b1_0.badge_name,
        b1_0.unlocked_at 
    from
        badge b1_0 
    where
        b1_0.user_id=?
Hibernate: 
    select
        h1_0.user_id,
        h1_0.id,
        h1_0.active,
        h1_0.category,
        h1_0.color,
        h1_0.created_at,
        h1_0.description,
        h1_0.display_order,
        h1_0.habit_name 
    from
        habit h1_0 
    where
        h1_0.user_id=?
Hibernate: 
    insert 
    into
        user
        (created_at, daily_goal, email, language, name, notification_time, notifications_enabled, password, profile_picture, role, start_day, theme, timezone, week_format) 
    values
        (?, ?, ?, ?, ?, ?, ?, ?, ?, ?, ?, ?, ?, ?)
Hibernate: 
    delete 
    from
        habit_tracker 
    where
        id=?
Hibernate: 
    delete 
    from
        habit_tracker 
    where
        id=?
Hibernate: 
    delete 
    from
        habit 
    where
        id=?
Hibernate: 
    delete 
    from
        badge 
    where
        id=?
Hibernate: 
    delete 
    from
        badge 
    where
        id=?
Hibernate: 
    delete 
    from
        user 
    where
        id=?
Hibernate: 
    delete 
    from
        user 
    where
        id=?
Hibernate: 
    select
        h1_0.id 
    from
        habit h1_0 
    where
        h1_0.user_id=? 
        and upper(h1_0.habit_name)=upper(?) 
    limit
        ?
Hibernate: 
    insert 
    into
        habit
        (active, category, color, created_at, description, display_order, habit_name, user_id) 
    values
        (?, ?, ?, ?, ?, ?, ?, ?)
Hibernate: 
    select
        h1_0.id 
    from
        habit h1_0 
    where
        h1_0.user_id=? 
        and upper(h1_0.habit_name)=upper(?) 
    limit
        ?
]]></system-out>
  </testcase>
  <testcase name="testSettingsServiceSaveAndLoad" classname="com.habittracker.HabitServiceAndTrackerTests" time="0.051">
    <system-out><![CDATA[Hibernate: 
    select
        h1_0.id,
        h1_0.active,
        h1_0.category,
        h1_0.color,
        h1_0.created_at,
        h1_0.description,
        h1_0.display_order,
        h1_0.habit_name,
        h1_0.user_id 
    from
        habit h1_0
Hibernate: 
    select
        t1_0.habit_id,
        t1_0.id,
        t1_0.completed,
        t1_0.track_date 
    from
        habit_tracker t1_0 
    where
        t1_0.habit_id=?
Hibernate: 
    select
        b1_0.id,
        b1_0.badge_name,
        b1_0.unlocked_at,
        b1_0.user_id 
    from
        badge b1_0
Hibernate: 
    select
        u1_0.id,
        u1_0.created_at,
        u1_0.daily_goal,
        u1_0.email,
        u1_0.language,
        u1_0.name,
        u1_0.notification_time,
        u1_0.notifications_enabled,
        u1_0.password,
        u1_0.profile_picture,
        u1_0.role,
        u1_0.start_day,
        u1_0.theme,
        u1_0.timezone,
        u1_0.week_format 
    from
        user u1_0
Hibernate: 
    select
        b1_0.user_id,
        b1_0.id,
        b1_0.badge_name,
        b1_0.unlocked_at 
    from
        badge b1_0 
    where
        b1_0.user_id=?
Hibernate: 
    select
        h1_0.user_id,
        h1_0.id,
        h1_0.active,
        h1_0.category,
        h1_0.color,
        h1_0.created_at,
        h1_0.description,
        h1_0.display_order,
        h1_0.habit_name 
    from
        habit h1_0 
    where
        h1_0.user_id=?
Hibernate: 
    select
        b1_0.user_id,
        b1_0.id,
        b1_0.badge_name,
        b1_0.unlocked_at 
    from
        badge b1_0 
    where
        b1_0.user_id=?
Hibernate: 
    select
        h1_0.user_id,
        h1_0.id,
        h1_0.active,
        h1_0.category,
        h1_0.color,
        h1_0.created_at,
        h1_0.description,
        h1_0.display_order,
        h1_0.habit_name 
    from
        habit h1_0 
    where
        h1_0.user_id=?
Hibernate: 
    insert 
    into
        user
        (created_at, daily_goal, email, language, name, notification_time, notifications_enabled, password, profile_picture, role, start_day, theme, timezone, week_format) 
    values
        (?, ?, ?, ?, ?, ?, ?, ?, ?, ?, ?, ?, ?, ?)
]]></system-out>
  </testcase>
  <testcase name="testAdminSecurityAccess" classname="com.habittracker.HabitServiceAndTrackerTests" time="0.876">
    <system-out><![CDATA[Hibernate: 
    select
        h1_0.id,
        h1_0.active,
        h1_0.category,
        h1_0.color,
        h1_0.created_at,
        h1_0.description,
        h1_0.display_order,
        h1_0.habit_name,
        h1_0.user_id 
    from
        habit h1_0
Hibernate: 
    select
        t1_0.habit_id,
        t1_0.id,
        t1_0.completed,
        t1_0.track_date 
    from
        habit_tracker t1_0 
    where
        t1_0.habit_id=?
Hibernate: 
    select
        b1_0.id,
        b1_0.badge_name,
        b1_0.unlocked_at,
        b1_0.user_id 
    from
        badge b1_0
Hibernate: 
    select
        u1_0.id,
        u1_0.created_at,
        u1_0.daily_goal,
        u1_0.email,
        u1_0.language,
        u1_0.name,
        u1_0.notification_time,
        u1_0.notifications_enabled,
        u1_0.password,
        u1_0.profile_picture,
        u1_0.role,
        u1_0.start_day,
        u1_0.theme,
        u1_0.timezone,
        u1_0.week_format 
    from
        user u1_0
Hibernate: 
    select
        b1_0.user_id,
        b1_0.id,
        b1_0.badge_name,
        b1_0.unlocked_at 
    from
        badge b1_0 
    where
        b1_0.user_id=?
Hibernate: 
    select
        h1_0.user_id,
        h1_0.id,
        h1_0.active,
        h1_0.category,
        h1_0.color,
        h1_0.created_at,
        h1_0.description,
        h1_0.display_order,
        h1_0.habit_name 
    from
        habit h1_0 
    where
        h1_0.user_id=?
Hibernate: 
    select
        b1_0.user_id,
        b1_0.id,
        b1_0.badge_name,
        b1_0.unlocked_at 
    from
        badge b1_0 
    where
        b1_0.user_id=?
Hibernate: 
    select
        h1_0.user_id,
        h1_0.id,
        h1_0.active,
        h1_0.category,
        h1_0.color,
        h1_0.created_at,
        h1_0.description,
        h1_0.display_order,
        h1_0.habit_name 
    from
        habit h1_0 
    where
        h1_0.user_id=?
Hibernate: 
    insert 
    into
        user
        (created_at, daily_goal, email, language, name, notification_time, notifications_enabled, password, profile_picture, role, start_day, theme, timezone, week_format) 
    values
        (?, ?, ?, ?, ?, ?, ?, ?, ?, ?, ?, ?, ?, ?)
Hibernate: 
    delete 
    from
        habit_tracker 
    where
        id=?
Hibernate: 
    delete 
    from
        habit_tracker 
    where
        id=?
Hibernate: 
    delete 
    from
        habit 
    where
        id=?
Hibernate: 
    delete 
    from
        badge 
    where
        id=?
Hibernate: 
    delete 
    from
        badge 
    where
        id=?
Hibernate: 
    delete 
    from
        user 
    where
        id=?
Hibernate: 
    delete 
    from
        user 
    where
        id=?
Hibernate: 
    select
        u1_0.id,
        u1_0.created_at,
        u1_0.daily_goal,
        u1_0.email,
        u1_0.language,
        u1_0.name,
        u1_0.notification_time,
        u1_0.notifications_enabled,
        u1_0.password,
        u1_0.profile_picture,
        u1_0.role,
        u1_0.start_day,
        u1_0.theme,
        u1_0.timezone,
        u1_0.week_format 
    from
        user u1_0 
    where
        u1_0.email=?
Hibernate: 
    select
        u1_0.id,
        u1_0.created_at,
        u1_0.daily_goal,
        u1_0.email,
        u1_0.language,
        u1_0.name,
        u1_0.notification_time,
        u1_0.notifications_enabled,
        u1_0.password,
        u1_0.profile_picture,
        u1_0.role,
        u1_0.start_day,
        u1_0.theme,
        u1_0.timezone,
        u1_0.week_format 
    from
        user u1_0 
    where
        u1_0.email=?
Hibernate: 
    select
        u1_0.id,
        u1_0.created_at,
        u1_0.daily_goal,
        u1_0.email,
        u1_0.language,
        u1_0.name,
        u1_0.notification_time,
        u1_0.notifications_enabled,
        u1_0.password,
        u1_0.profile_picture,
        u1_0.role,
        u1_0.start_day,
        u1_0.theme,
        u1_0.timezone,
        u1_0.week_format 
    from
        user u1_0 
    where
        u1_0.email=?
Hibernate: 
    select
        count(*) 
    from
        user u1_0
Hibernate: 
    select
        count(u1_0.id) 
    from
        user u1_0 
    where
        u1_0.role=?
Hibernate: 
    select
        count(*) 
    from
        habit h1_0
Hibernate: 
    select
        count(*) 
    from
        habit_tracker ht1_0
Hibernate: 
    select
        u1_0.id,
        u1_0.created_at,
        u1_0.daily_goal,
        u1_0.email,
        u1_0.language,
        u1_0.name,
        u1_0.notification_time,
        u1_0.notifications_enabled,
        u1_0.password,
        u1_0.profile_picture,
        u1_0.role,
        u1_0.start_day,
        u1_0.theme,
        u1_0.timezone,
        u1_0.week_format 
    from
        user u1_0
]]></system-out>
  </testcase>
  <testcase name="testUpdateAndDeleteHabit" classname="com.habittracker.HabitServiceAndTrackerTests" time="0.079">
    <system-out><![CDATA[Hibernate: 
    select
        h1_0.id,
        h1_0.active,
        h1_0.category,
        h1_0.color,
        h1_0.created_at,
        h1_0.description,
        h1_0.display_order,
        h1_0.habit_name,
        h1_0.user_id 
    from
        habit h1_0
Hibernate: 
    select
        t1_0.habit_id,
        t1_0.id,
        t1_0.completed,
        t1_0.track_date 
    from
        habit_tracker t1_0 
    where
        t1_0.habit_id=?
Hibernate: 
    select
        b1_0.id,
        b1_0.badge_name,
        b1_0.unlocked_at,
        b1_0.user_id 
    from
        badge b1_0
Hibernate: 
    select
        u1_0.id,
        u1_0.created_at,
        u1_0.daily_goal,
        u1_0.email,
        u1_0.language,
        u1_0.name,
        u1_0.notification_time,
        u1_0.notifications_enabled,
        u1_0.password,
        u1_0.profile_picture,
        u1_0.role,
        u1_0.start_day,
        u1_0.theme,
        u1_0.timezone,
        u1_0.week_format 
    from
        user u1_0
Hibernate: 
    select
        b1_0.user_id,
        b1_0.id,
        b1_0.badge_name,
        b1_0.unlocked_at 
    from
        badge b1_0 
    where
        b1_0.user_id=?
Hibernate: 
    select
        h1_0.user_id,
        h1_0.id,
        h1_0.active,
        h1_0.category,
        h1_0.color,
        h1_0.created_at,
        h1_0.description,
        h1_0.display_order,
        h1_0.habit_name 
    from
        habit h1_0 
    where
        h1_0.user_id=?
Hibernate: 
    select
        b1_0.user_id,
        b1_0.id,
        b1_0.badge_name,
        b1_0.unlocked_at 
    from
        badge b1_0 
    where
        b1_0.user_id=?
Hibernate: 
    select
        h1_0.user_id,
        h1_0.id,
        h1_0.active,
        h1_0.category,
        h1_0.color,
        h1_0.created_at,
        h1_0.description,
        h1_0.display_order,
        h1_0.habit_name 
    from
        habit h1_0 
    where
        h1_0.user_id=?
Hibernate: 
    insert 
    into
        user
        (created_at, daily_goal, email, language, name, notification_time, notifications_enabled, password, profile_picture, role, start_day, theme, timezone, week_format) 
    values
        (?, ?, ?, ?, ?, ?, ?, ?, ?, ?, ?, ?, ?, ?)
Hibernate: 
    delete 
    from
        habit_tracker 
    where
        id=?
Hibernate: 
    delete 
    from
        habit_tracker 
    where
        id=?
Hibernate: 
    delete 
    from
        habit 
    where
        id=?
Hibernate: 
    delete 
    from
        badge 
    where
        id=?
Hibernate: 
    delete 
    from
        badge 
    where
        id=?
Hibernate: 
    delete 
    from
        user 
    where
        id=?
Hibernate: 
    delete 
    from
        user 
    where
        id=?
Hibernate: 
    select
        h1_0.id 
    from
        habit h1_0 
    where
        h1_0.user_id=? 
        and upper(h1_0.habit_name)=upper(?) 
    limit
        ?
Hibernate: 
    insert 
    into
        habit
        (active, category, color, created_at, description, display_order, habit_name, user_id) 
    values
        (?, ?, ?, ?, ?, ?, ?, ?)
Hibernate: 
    select
        h1_0.id 
    from
        habit h1_0 
    where
        h1_0.user_id=? 
        and upper(h1_0.habit_name)=upper(?) 
        and h1_0.id<>? 
    limit
        ?
]]></system-out>
  </testcase>
</testsuite>